<?xml version="1.0" encoding="UTF-8"?>
<!-- Generated by org.testng.reporters.JUnitReportReporter -->
<testsuite hostname="pensionbox-pradeep-VivoBook-ASUSLaptop-M1603QA-M1603QA" failures="0" tests="1" name="tests.Trial" time="0.004" errors="0" timestamp="2024-04-02T15:57:18 IST" skipped="0">
  <testcase classname="tests.Trial" name="trial" time="0.004"/>
</testsuite> <!-- tests.Trial -->
