<?xml version="1.0" encoding="UTF-8"?>
<!-- Generated by org.testng.reporters.JUnitReportReporter -->
<testsuite hostname="pensionbox-pradeep-VivoBook-ASUSLaptop-M1603QA-M1603QA" failures="0" tests="1" name="tests.JavaCheck" time="0.004" errors="0" timestamp="2024-04-23T23:54:04 IST" skipped="0">
  <testcase classname="tests.JavaCheck" name="trial" time="0.004"/>
</testsuite> <!-- tests.JavaCheck -->
